<?xml version="1.0" encoding="utf-8"?><testsuites name="pytest tests"><testsuite name="pytest" errors="0" failures="0" skipped="0" tests="9" time="3.163" timestamp="2026-01-31T15:52:18.515399+00:00" hostname="agent-env-3da97058-e825-4673-8465-78380596881e"><testcase classname="backend.tests.test_ocr_api.TestHealthEndpoint" name="test_root_endpoint" time="0.059" /><testcase classname="backend.tests.test_ocr_api.TestOCREndpoint" name="test_ocr_endpoint_exists" time="0.038" /><testcase classname="backend.tests.test_ocr_api.TestOCREndpoint" name="test_ocr_with_empty_image" time="0.039" /><testcase classname="backend.tests.test_ocr_api.TestOCREndpoint" name="test_ocr_with_minimal_image" time="0.804" /><testcase classname="backend.tests.test_ocr_api.TestOCREndpoint" name="test_ocr_response_structure" time="0.921" /><testcase classname="backend.tests.test_ocr_api.TestOCREndpoint" name="test_ocr_confidence_range" time="1.093" /><testcase classname="backend.tests.test_ocr_api.TestOCREndpoint" name="test_ocr_missing_image_field" time="0.036" /><testcase classname="backend.tests.test_ocr_api.TestStatusEndpoint" name="test_get_status" time="0.041" /><testcase classname="backend.tests.test_ocr_api.TestStatusEndpoint" name="test_create_status" time="0.074" /></testsuite></testsuites>