<?xml version="1.0" encoding="utf-8"?><testsuites name="pytest tests"><testsuite name="pytest" errors="0" failures="1" skipped="0" tests="9" time="3.120" timestamp="2026-01-31T15:51:59.415951+00:00" hostname="agent-env-3da97058-e825-4673-8465-78380596881e"><testcase classname="backend.tests.test_ocr_api.TestHealthEndpoint" name="test_root_endpoint" time="0.074" /><testcase classname="backend.tests.test_ocr_api.TestOCREndpoint" name="test_ocr_endpoint_exists" time="0.042" /><testcase classname="backend.tests.test_ocr_api.TestOCREndpoint" name="test_ocr_with_empty_image" time="0.044"><failure message="assert 520 in [400, 500]&#10; +  where 520 = &lt;Response [520]&gt;.status_code">backend/tests/test_ocr_api.py:47: in test_ocr_with_empty_image
    assert response.status_code in [400, 500]
E   assert 520 in [400, 500]
E    +  where 520 = &lt;Response [520]&gt;.status_code</failure></testcase><testcase classname="backend.tests.test_ocr_api.TestOCREndpoint" name="test_ocr_with_minimal_image" time="1.440" /><testcase classname="backend.tests.test_ocr_api.TestOCREndpoint" name="test_ocr_response_structure" time="0.629" /><testcase classname="backend.tests.test_ocr_api.TestOCREndpoint" name="test_ocr_confidence_range" time="0.617" /><testcase classname="backend.tests.test_ocr_api.TestOCREndpoint" name="test_ocr_missing_image_field" time="0.035" /><testcase classname="backend.tests.test_ocr_api.TestStatusEndpoint" name="test_get_status" time="0.043" /><testcase classname="backend.tests.test_ocr_api.TestStatusEndpoint" name="test_create_status" time="0.053" /></testsuite></testsuites>